<testng-results>
  <reporter-output>
  </reporter-output>
  <suite name="Command line suite" duration-ms="311544" started-at="2012-08-27T12:33:35Z" finished-at="2012-08-27T12:38:46Z">
    <groups>
    </groups>
    <test name="Command line test" duration-ms="311544" started-at="2012-08-27T12:33:35Z" finished-at="2012-08-27T12:38:46Z">
      <class name="testOrders.pageObjects.TestOrdersPage">
        <test-method status="PASS" signature="getDriver()" name="getDriver" is-config="true" duration-ms="14284" started-at="2012-08-27T12:33:35Z" finished-at="2012-08-27T12:33:49Z">
        </test-method>
        <test-method status="PASS" signature="closeDriver()" name="closeDriver" is-config="true" duration-ms="10" started-at="2012-08-27T12:38:46Z" finished-at="2012-08-27T12:38:46Z">
        </test-method>
      </class>
      <class name="testOrders.tests.TestManualSku">
        <test-method status="PASS" signature="ManualEnterSkuTest()" name="ManualEnterSkuTest" duration-ms="297239" started-at="2012-08-27T12:33:49Z" finished-at="2012-08-27T12:38:46Z">
        </test-method>
      </class>
    </test>
  </suite>
</testng-results>
