<testng-results>
  <reporter-output>
  </reporter-output>
  <suite name="Command line suite" duration-ms="243420" started-at="2012-08-06T16:52:04Z" finished-at="2012-08-06T16:56:07Z">
    <groups>
    </groups>
    <test name="Command line test" duration-ms="243420" started-at="2012-08-06T16:52:04Z" finished-at="2012-08-06T16:56:07Z">
      <class name="testOrders.tests.TestManualSku">
        <test-method status="PASS" signature="getDriver()" name="getDriver" is-config="true" duration-ms="15202" started-at="2012-08-06T16:52:04Z" finished-at="2012-08-06T16:52:19Z">
        </test-method>
        <test-method status="PASS" signature="ManualEnterSkuTest()" name="ManualEnterSkuTest" duration-ms="228138" started-at="2012-08-06T16:52:19Z" finished-at="2012-08-06T16:56:07Z">
        </test-method>
        <test-method status="PASS" signature="closeDriver()" name="closeDriver" is-config="true" duration-ms="70" started-at="2012-08-06T16:56:07Z" finished-at="2012-08-06T16:56:07Z">
        </test-method>
      </class>
    </test>
  </suite>
</testng-results>
